<?xml version="1.0" encoding="UTF-8"?>
<!-- Generated by org.testng.reporters.JUnitReportReporter -->
<testsuite hostname="GEBBSET17063" failures="0" tests="1" name="com.qa.TestCases.ProviderTest" time="383.965" errors="0" timestamp="2020-10-29T14:04:25 IST" skipped="0">
  <testcase classname="com.qa.TestCases.ProviderTest" name="ProviderFlowTest" time="383.965"/>
  <system-out/>
</testsuite> <!-- com.qa.TestCases.ProviderTest -->
