<?xml version="1.0" encoding="UTF-8"?>
<!-- Generated by org.testng.reporters.JUnitReportReporter -->
<testsuite hostname="GEBBSET17063" failures="0" tests="1" name="com.qa.TestCases.Filter" time="0.062" errors="0" timestamp="2020-10-27T22:11:31 IST" skipped="0">
  <testcase classname="com.qa.TestCases.Filter" name="TC_Filter" time="0.062"/>
  <system-out/>
</testsuite> <!-- com.qa.TestCases.Filter -->
