<?xml version="1.0" encoding="UTF-8"?>
<!-- Generated by org.testng.reporters.JUnitReportReporter -->
<testsuite hostname="GEBBSET17063" failures="0" tests="1" name="com.qa.TestCases.SubmitTest_RecordQA" time="106.531" errors="0" timestamp="2020-11-10T20:34:59 IST" skipped="0">
  <testcase classname="com.qa.TestCases.SubmitTest_RecordQA" name="RecordQATestflow" time="106.531"/>
  <system-out/>
</testsuite> <!-- com.qa.TestCases.SubmitTest_RecordQA -->
