<?xml version="1.0" encoding="UTF-8"?>
<!-- Generated by org.testng.reporters.JUnitReportReporter -->
<testsuite hostname="GEBBSET17063" failures="0" tests="1" name="com.qa.TestCases.DocumentTest" time="0.481" errors="0" timestamp="2020-10-30T13:39:40 IST" skipped="0">
  <testcase classname="com.qa.TestCases.DocumentTest" name="TC_DocumentTest" time="0.481"/>
  <system-out/>
</testsuite> <!-- com.qa.TestCases.DocumentTest -->
