<?xml version="1.0" encoding="UTF-8"?>
<!-- Generated by org.testng.reporters.JUnitReportReporter -->
<testsuite hostname="GEBBSET17063" failures="0" tests="1" name="com.qa.TestCases.AssignRemoveZipTest" time="149.722" errors="0" timestamp="2020-11-09T22:47:48 IST" skipped="0">
  <testcase classname="com.qa.TestCases.AssignRemoveZipTest" name="AssignRemoZipTest" time="149.722"/>
  <system-out/>
</testsuite> <!-- com.qa.TestCases.AssignRemoveZipTest -->
