<?xml version="1.0" encoding="UTF-8"?>
<!-- Generated by org.testng.reporters.JUnitReportReporter -->
<testsuite hostname="GEBBSET17063" failures="0" tests="1" name="com.qa.TestCases.AddressRollup" time="0.082" errors="0" timestamp="2020-10-27T22:11:31 IST" skipped="0">
  <testcase classname="com.qa.TestCases.AddressRollup" name="TC_AddressRollup" time="0.082"/>
  <system-out/>
</testsuite> <!-- com.qa.TestCases.AddressRollup -->
