<?xml version="1.0" encoding="UTF-8"?>
<!-- Generated by org.testng.reporters.JUnitReportReporter -->
<testsuite hostname="GEBBSET17063" failures="0" tests="1" name="com.qa.TestCases.Login_Pooja" time="0.066" errors="0" timestamp="2020-10-27T22:11:31 IST" skipped="0">
  <testcase classname="com.qa.TestCases.Login_Pooja" name="TC_Login" time="0.066"/>
  <system-out/>
</testsuite> <!-- com.qa.TestCases.Login_Pooja -->
