<?xml version="1.0" encoding="UTF-8"?>
<!-- Generated by org.testng.reporters.JUnitReportReporter -->
<testsuite hostname="GEBBSET17063" failures="0" tests="1" name="com.qa.TestCases.QualityControl" time="0.060" errors="0" timestamp="2020-10-27T22:11:31 IST" skipped="0">
  <testcase classname="com.qa.TestCases.QualityControl" name="TC_QualityControl" time="0.060"/>
  <system-out/>
</testsuite> <!-- com.qa.TestCases.QualityControl -->
