<?xml version="1.0" encoding="UTF-8"?>
<!-- Generated by org.testng.reporters.JUnitReportReporter -->
<testsuite hostname="GEBBSET17063" failures="0" tests="1" name="com.qa.TestCases.MoveCopyTest" time="723.000" errors="0" timestamp="2020-11-10T18:59:00 IST" skipped="0">
  <testcase classname="com.qa.TestCases.MoveCopyTest" name="MoveCopyTestflow" time="723.000"/>
  <system-out/>
</testsuite> <!-- com.qa.TestCases.MoveCopyTest -->
