<?xml version="1.0" encoding="UTF-8"?>
<!-- Generated by org.testng.reporters.JUnitReportReporter -->
<testsuite hostname="GEBBSET17063" failures="0" tests="1" name="com.qa.TestCases.ReassignAreaidTest" time="187.818" errors="0" timestamp="2020-11-09T22:47:48 IST" skipped="0">
  <testcase classname="com.qa.TestCases.ReassignAreaidTest" name="ReassignFlowTest" time="187.818"/>
  <system-out/>
</testsuite> <!-- com.qa.TestCases.ReassignAreaidTest -->
