<?xml version="1.0" encoding="UTF-8"?>
<!-- Generated by org.testng.reporters.JUnitReportReporter -->
<testsuite hostname="GEBBSET17063" failures="0" tests="1" name="com.qa.TestCases.ContactTest" time="153.023" errors="0" timestamp="2020-10-30T11:59:56 IST" skipped="0">
  <testcase classname="com.qa.TestCases.ContactTest" name="ContactFlowTest" time="153.023"/>
  <system-out/>
</testsuite> <!-- com.qa.TestCases.ContactTest -->
