<?xml version="1.0" encoding="UTF-8"?>
<!-- Generated by org.testng.reporters.JUnitReportReporter -->
<testsuite hostname="GEBBSET17063" failures="0" tests="1" name="com.qa.TestCases.ReportsTest" time="391.523" errors="0" timestamp="2020-11-11T12:29:40 IST" skipped="0">
  <testcase classname="com.qa.TestCases.ReportsTest" name="ReportFlowTest" time="391.523"/>
  <system-out/>
</testsuite> <!-- com.qa.TestCases.ReportsTest -->
