<?xml version="1.0" encoding="UTF-8"?>
<!-- Generated by org.testng.reporters.JUnitReportReporter -->
<testsuite hostname="GEBBSET17063" failures="0" tests="1" name="com.qa.TestCases.ClientConfiguration" time="31.767" errors="0" timestamp="2020-10-27T22:11:31 IST" skipped="0">
  <testcase classname="com.qa.TestCases.ClientConfiguration" name="TC_ClientConfiguration" time="31.767"/>
  <system-out/>
</testsuite> <!-- com.qa.TestCases.ClientConfiguration -->
