<?xml version="1.0" encoding="UTF-8"?>
<!-- Generated by org.testng.reporters.JUnitReportReporter -->
<testsuite hostname="GEBBSET17063" failures="0" tests="1" name="com.qa.TestCases.Sampling" time="0.077" errors="0" timestamp="2020-10-27T22:11:31 IST" skipped="0">
  <testcase classname="com.qa.TestCases.Sampling" name="TC_Sampling" time="0.077"/>
  <system-out/>
</testsuite> <!-- com.qa.TestCases.Sampling -->
