<?xml version="1.0" encoding="UTF-8"?>
<!-- Generated by org.testng.reporters.JUnitReportReporter -->
<testsuite hostname="GEBBSET17063" failures="0" tests="1" name="com.qa.TestCases.CxlFollUpHold_RecordQA" time="698.126" errors="0" timestamp="2020-11-10T20:28:02 IST" skipped="0">
  <testcase classname="com.qa.TestCases.CxlFollUpHold_RecordQA" name="RecordQATestflow" time="698.126"/>
  <system-out/>
</testsuite> <!-- com.qa.TestCases.CxlFollUpHold_RecordQA -->
