<?xml version="1.0" encoding="UTF-8"?>
<!-- Generated by org.testng.reporters.JUnitReportReporter -->
<testsuite hostname="GEBBSET17063" failures="0" tests="1" name="com.qa.TestCases.AddProvider_Pooja" time="1.534" errors="0" timestamp="2020-11-03T18:50:34 IST" skipped="0">
  <testcase classname="com.qa.TestCases.AddProvider_Pooja" name="TC_AddProvider_Pooja" time="1.534"/>
  <system-out/>
</testsuite> <!-- com.qa.TestCases.AddProvider_Pooja -->
