<?xml version="1.0" encoding="UTF-8"?>
<!-- Generated by org.testng.reporters.JUnitReportReporter -->
<testsuite hostname="GEBBSET17063" failures="0" tests="1" name="com.qa.TestCases.AddressTest" time="178.236" errors="0" timestamp="2020-10-29T14:54:33 IST" skipped="0">
  <testcase classname="com.qa.TestCases.AddressTest" name="AddressFlowTest" time="178.236"/>
  <system-out/>
</testsuite> <!-- com.qa.TestCases.AddressTest -->
