<?xml version="1.0" encoding="UTF-8"?>
<!-- Generated by org.testng.reporters.JUnitReportReporter -->
<testsuite hostname="GEBBSET17063" failures="0" tests="1" name="com.qa.TestCases.ICRALogin_Testcase" time="0.103" errors="0" timestamp="2020-10-27T22:11:31 IST" skipped="0">
  <testcase classname="com.qa.TestCases.ICRALogin_Testcase" name="TC_ICRALogin_Testcase" time="0.103"/>
  <system-out/>
</testsuite> <!-- com.qa.TestCases.ICRALogin_Testcase -->
