<?xml version="1.0" encoding="UTF-8"?>
<!-- Generated by org.testng.reporters.JUnitReportReporter -->
<testsuite hostname="GEBBSET17063" failures="0" tests="1" name="com.qa.TestCases.RecordQA_PDFFunction" time="161.265" errors="0" timestamp="2020-11-10T20:45:24 IST" skipped="0">
  <testcase classname="com.qa.TestCases.RecordQA_PDFFunction" name="RecordQATestflow" time="161.265"/>
  <system-out/>
</testsuite> <!-- com.qa.TestCases.RecordQA_PDFFunction -->
